[2022-01-10 00:10:40] [INFO] - [Program starting...]
[2022-01-10 00:10:40] [INFO] - [USER: tugi]
[2022-01-10 00:10:40] [INFO] - [Config file provided]
[2022-01-10 00:10:41] [INFO] - [Querylist created]
[2022-01-10 00:10:41] [INFO] - [Waitlist created]
[2022-01-10 00:10:41] [INFO] - [Express server started at http://localhost:6000]
[2022-01-10 00:10:41] [INFO] - [Database opened]
[2022-01-10 00:10:41] [DEBUG] - [Database tables created]
[2022-01-10 00:10:41] [INFO] - [Telegram Bot started]
[2022-01-10 00:10:41] [INFO] - [Telegram Client started]
[2022-01-10 00:10:41] [INFO] - [Config file updated]
[2022-01-10 00:10:41] [INFO] - [Telegram Client binded a function]
[2022-01-10 00:43:01] [INFO] - [Program starting...]
[2022-01-10 00:43:01] [INFO] - [USER: tugi]
[2022-01-10 00:43:01] [INFO] - [Config file provided]
[2022-01-10 00:43:01] [INFO] - [Querylist created]
[2022-01-10 00:43:01] [INFO] - [Waitlist created]
[2022-01-10 00:43:01] [INFO] - [Express server started at http://localhost:6000]
[2022-01-10 00:43:01] [INFO] - [Database opened]
[2022-01-10 00:43:01] [DEBUG] - [Database tables created]
[2022-01-10 00:43:02] [INFO] - [Telegram Bot started]
[2022-01-10 00:43:02] [INFO] - [Telegram Client started]
[2022-01-10 00:43:02] [INFO] - [Config file updated]
[2022-01-10 00:43:02] [INFO] - [Telegram Client binded a function]
[2022-01-10 01:13:45] [INFO] - [Program starting...]
[2022-01-10 01:13:45] [INFO] - [USER: tugi]
[2022-01-10 01:13:45] [INFO] - [Config file provided]
[2022-01-10 01:13:45] [INFO] - [Querylist created]
[2022-01-10 01:13:45] [INFO] - [Waitlist created]
[2022-01-10 01:13:45] [INFO] - [Express server started at http://localhost:6000]
[2022-01-10 01:13:46] [INFO] - [Database opened]
[2022-01-10 01:13:46] [DEBUG] - [Database tables created]
[2022-01-10 01:13:46] [INFO] - [Telegram Bot started]
[2022-01-10 01:13:46] [INFO] - [Telegram Client started]
[2022-01-10 01:13:46] [INFO] - [Config file updated]
[2022-01-10 01:13:46] [INFO] - [Telegram Client binded a function]
[2022-01-10 01:37:20] [INFO] - [Program starting...]
[2022-01-10 01:37:20] [INFO] - [USER: tugi]
[2022-01-10 01:37:20] [INFO] - [Config file provided]
[2022-01-10 01:37:21] [INFO] - [Querylist created]
[2022-01-10 01:37:21] [INFO] - [Waitlist created]
[2022-01-10 01:37:21] [INFO] - [Express server started at http://localhost:6000]
[2022-01-10 01:37:21] [INFO] - [Database opened]
[2022-01-10 01:37:21] [DEBUG] - [Database tables created]
[2022-01-10 01:37:21] [INFO] - [Telegram Bot started]
[2022-01-10 01:37:21] [INFO] - [Telegram Client started]
[2022-01-10 01:37:21] [INFO] - [Config file updated]
[2022-01-10 01:37:21] [INFO] - [Telegram Client binded a function]
[2022-01-10 01:55:54] [INFO] - [Program starting...]
[2022-01-10 01:55:54] [INFO] - [USER: tugi]
[2022-01-10 01:55:54] [INFO] - [Config file provided]
[2022-01-10 01:55:54] [INFO] - [Querylist created]
[2022-01-10 01:55:54] [INFO] - [Waitlist created]
[2022-01-10 01:55:55] [INFO] - [Express server started at http://localhost:6000]
[2022-01-10 01:55:55] [INFO] - [Database opened]
[2022-01-10 01:55:55] [DEBUG] - [Database tables created]
[2022-01-10 01:55:55] [INFO] - [Telegram Bot started]
[2022-01-10 01:55:55] [INFO] - [Telegram Client started]
[2022-01-10 01:55:55] [INFO] - [Config file updated]
[2022-01-10 01:55:55] [INFO] - [Telegram Client binded a function]
