[2022-01-18 21:30:03] [DEBUG] - [selam,merhaba]
[2022-01-18 21:33:57] [DEBUG] - [selam
merhaba]
[2022-01-18 21:37:20] [DEBUG] - [VADELI (SHORT)
Kaldıraç : undefined]
[2022-01-18 21:58:48] [DEBUG] - [Coin Adı: btc]
[2022-01-18 22:02:26] [DEBUG] - [Coin Adı: selm]
[2022-01-18 22:17:09] [DEBUG] - [Coin Adı: BTCUSDT
Giriş Fiyatı : 0.003
Stop Fiyatı: 0.2443]
[2022-01-18 22:19:55] [DEBUG] - [Id: 23424
Coin Adı: BTCUSDT
Giriş Fiyatı : 0.003
Stop Fiyatı: 0.2443
Anlık Fiyat: %0.55404]
[2022-01-18 22:20:29] [DEBUG] - [Id: 23424
Coin Adı: BTCUSDT
Giriş Fiyatı : 0.003
Stop Fiyatı: 0.2443
Anlık Kâr:  %0.234]
[2022-01-18 22:20:48] [DEBUG] - [
Id: 23424
Coin Adı: BTCUSDT
Giriş Fiyatı : 0.003
Stop Fiyatı: 0.2443
Anlık Kâr:  %0.234]
[2022-01-18 22:26:24] [DEBUG] - [
Id: 23424
Coin Adı: BTCUSDT
Giriş Fiyatı : 0.003
Stop Fiyatı: 0.2443
Anlık Kâr:  %0.234]
